<?xml version="1.0" encoding="UTF-8"?>
<testsuite xmlns:xsi="http://www.w3.org/2001/XMLSchema-instance" xsi:noNamespaceSchemaLocation="https://maven.apache.org/surefire/maven-surefire-plugin/xsd/surefire-test-report.xsd" name="com.dnb.logger.service.LogReaderTest" time="0.021" tests="6" errors="0" skipped="0" failures="0">
  <properties>
[...]
</properties>
  <testcase name="givenValidXmlFile_whenExtractLog_thenReturnLog" classname="com.dnb.logger.service.LogReaderTest" time="0.001"/>
  <testcase name="givenValidJsonFile_whenExtractLog_thenReturnLog" classname="com.dnb.logger.service.LogReaderTest" time="0.002"/>
  <testcase name="givenInvalidSchemaJsonFile_whenExtractLog_thenReturnNull" classname="com.dnb.logger.service.LogReaderTest" time="0.004"/>
  <testcase name="givenInvalidXmlFile_whenExtractLog_thenReturnNull" classname="com.dnb.logger.service.LogReaderTest" time="0.004"/>
  <testcase name="givenInvalidSchemaXmlFile_whenExtractLog_thenReturnNull" classname="com.dnb.logger.service.LogReaderTest" time="0.004"/>
  <testcase name="givenInvalidJsonFile_whenExtractLog_thenReturnNull" classname="com.dnb.logger.service.LogReaderTest" time="0.003"/>
</testsuite>